<?xml version="1.0" encoding="UTF-8"?>
<!-- Generated by org.testng.reporters.JUnitXMLReporter -->
<testsuite ignored="0" hostname="IMTIAZ" failures="1" tests="1" name="Test" time="30.414" errors="0" timestamp="2025-04-18T21:17:04 EDT">
  <testcase classname="com.register.TC_RF_12" name="verifyRegisteringByProvidingInvaliTelephoneNumber" time="1.224">
    <failure type="java.lang.AssertionError" message="expected [Please enter valid telephone number !!] but found []">
      <![CDATA[java.lang.AssertionError: expected [Please enter valid telephone number !!] but found []
at com.register.TC_RF_12.verifyRegisteringByProvidingInvaliTelephoneNumber(TC_RF_12.java:73)
at java.base/java.util.ArrayList.forEach(ArrayList.java:1511)
... Removed 33 stack frames]]>
    </failure>
  </testcase> <!-- verifyRegisteringByProvidingInvaliTelephoneNumber -->
</testsuite> <!-- Test -->
