<?xml version="1.0" encoding="UTF-8"?>
<testng-results ignored="0" total="1" passed="1" failed="0" skipped="0">
  <reporter-output>
  </reporter-output>
  <suite started-at="2025-04-07T20:29:28 EDT" name="Default suite" finished-at="2025-04-07T20:29:56 EDT" duration-ms="27879">
    <groups>
    </groups>
    <test started-at="2025-04-07T20:29:28 EDT" name="Default test" finished-at="2025-04-07T20:29:56 EDT" duration-ms="27879">
      <class name="com.register.TC_RF_004">
        <test-method is-config="true" signature="setup()[pri:0, instance:com.register.TC_RF_004@2e6a8155]" started-at="2025-04-07T20:29:28 EDT" name="setup" finished-at="2025-04-07T20:29:55 EDT" duration-ms="27218" status="PASS">
          <reporter-output>
          </reporter-output>
        </test-method> <!-- setup -->
        <test-method signature="verifyWithoutProvidingAnyFields()[pri:0, instance:com.register.TC_RF_004@2e6a8155]" started-at="2025-04-07T20:29:55 EDT" name="verifyWithoutProvidingAnyFields" finished-at="2025-04-07T20:29:56 EDT" duration-ms="614" status="PASS">
          <reporter-output>
          </reporter-output>
        </test-method> <!-- verifyWithoutProvidingAnyFields -->
      </class> <!-- com.register.TC_RF_004 -->
    </test> <!-- Default test -->
  </suite> <!-- Default suite -->
</testng-results>
