<?xml version="1.0" encoding="UTF-8"?>
<testng-results ignored="0" total="1" passed="1" failed="0" skipped="0">
  <reporter-output>
  </reporter-output>
  <suite started-at="2025-04-06T20:50:50 EDT" name="Default suite" finished-at="2025-04-06T20:51:25 EDT" duration-ms="34596">
    <groups>
    </groups>
    <test started-at="2025-04-06T20:50:50 EDT" name="Default test" finished-at="2025-04-06T20:51:25 EDT" duration-ms="34596">
      <class name="com.register.TC_RF_001">
        <test-method is-config="true" signature="setup()[pri:0, instance:com.register.TC_RF_001@51c668e3]" started-at="2025-04-06T20:50:50 EDT" name="setup" finished-at="2025-04-06T20:51:20 EDT" duration-ms="29666" status="PASS">
          <reporter-output>
          </reporter-output>
        </test-method> <!-- setup -->
        <test-method signature="verifyRegisteringByProvidingOnlyMandatoryFields()[pri:0, instance:com.register.TC_RF_001@51c668e3]" started-at="2025-04-06T20:51:20 EDT" name="verifyRegisteringByProvidingOnlyMandatoryFields" finished-at="2025-04-06T20:51:24 EDT" duration-ms="3742" status="PASS">
          <reporter-output>
          </reporter-output>
        </test-method> <!-- verifyRegisteringByProvidingOnlyMandatoryFields -->
        <test-method is-config="true" signature="teardown()[pri:0, instance:com.register.TC_RF_001@51c668e3]" started-at="2025-04-06T20:51:24 EDT" name="teardown" finished-at="2025-04-06T20:51:25 EDT" duration-ms="1128" status="PASS">
          <reporter-output>
          </reporter-output>
        </test-method> <!-- teardown -->
      </class> <!-- com.register.TC_RF_001 -->
    </test> <!-- Default test -->
  </suite> <!-- Default suite -->
</testng-results>
